Determining if the pthread_create exist failed with the following output:
Change Dir: /home/sushant/qstp_kratos_ws/build/CMakeFiles/CMakeTmp

Run Build Command:"/usr/bin/make" "cmTC_947dd/fast"
/usr/bin/make -f CMakeFiles/cmTC_947dd.dir/build.make CMakeFiles/cmTC_947dd.dir/build
make[1]: Entering directory '/home/sushant/qstp_kratos_ws/build/CMakeFiles/CMakeTmp'
Building C object CMakeFiles/cmTC_947dd.dir/CheckSymbolExists.c.o
/usr/bin/cc     -o CMakeFiles/cmTC_947dd.dir/CheckSymbolExists.c.o   -c /home/sushant/qstp_kratos_ws/build/CMakeFiles/CMakeTmp/CheckSymbolExists.c
Linking C executable cmTC_947dd
/usr/bin/cmake -E cmake_link_script CMakeFiles/cmTC_947dd.dir/link.txt --verbose=1
/usr/bin/cc       CMakeFiles/cmTC_947dd.dir/CheckSymbolExists.c.o  -o cmTC_947dd -rdynamic 
CMakeFiles/cmTC_947dd.dir/CheckSymbolExists.c.o: In function `main':
CheckSymbolExists.c:(.text+0x16): undefined reference to `pthread_create'
collect2: error: ld returned 1 exit status
CMakeFiles/cmTC_947dd.dir/build.make:97: recipe for target 'cmTC_947dd' failed
make[1]: *** [cmTC_947dd] Error 1
make[1]: Leaving directory '/home/sushant/qstp_kratos_ws/build/CMakeFiles/CMakeTmp'
Makefile:126: recipe for target 'cmTC_947dd/fast' failed
make: *** [cmTC_947dd/fast] Error 2

File /home/sushant/qstp_kratos_ws/build/CMakeFiles/CMakeTmp/CheckSymbolExists.c:
/* */
#include <pthread.h>

int main(int argc, char** argv)
{
  (void)argv;
#ifndef pthread_create
  return ((int*)(&pthread_create))[argc];
#else
  (void)argc;
  return 0;
#endif
}

Determining if the function pthread_create exists in the pthreads failed with the following output:
Change Dir: /home/sushant/qstp_kratos_ws/build/CMakeFiles/CMakeTmp

Run Build Command:"/usr/bin/make" "cmTC_2f5bc/fast"
/usr/bin/make -f CMakeFiles/cmTC_2f5bc.dir/build.make CMakeFiles/cmTC_2f5bc.dir/build
make[1]: Entering directory '/home/sushant/qstp_kratos_ws/build/CMakeFiles/CMakeTmp'
Building C object CMakeFiles/cmTC_2f5bc.dir/CheckFunctionExists.c.o
/usr/bin/cc    -DCHECK_FUNCTION_EXISTS=pthread_create   -o CMakeFiles/cmTC_2f5bc.dir/CheckFunctionExists.c.o   -c /usr/share/cmake-3.5/Modules/CheckFunctionExists.c
Linking C executable cmTC_2f5bc
/usr/bin/cmake -E cmake_link_script CMakeFiles/cmTC_2f5bc.dir/link.txt --verbose=1
/usr/bin/cc   -DCHECK_FUNCTION_EXISTS=pthread_create    CMakeFiles/cmTC_2f5bc.dir/CheckFunctionExists.c.o  -o cmTC_2f5bc -rdynamic -lpthreads 
/usr/bin/ld: cannot find -lpthreads
collect2: error: ld returned 1 exit status
CMakeFiles/cmTC_2f5bc.dir/build.make:97: recipe for target 'cmTC_2f5bc' failed
make[1]: *** [cmTC_2f5bc] Error 1
make[1]: Leaving directory '/home/sushant/qstp_kratos_ws/build/CMakeFiles/CMakeTmp'
Makefile:126: recipe for target 'cmTC_2f5bc/fast' failed
make: *** [cmTC_2f5bc/fast] Error 2


